<testsuites id="" name="" tests="62" failures="3" skipped="0" errors="0" time="16.122804">
<testsuite name="setup/global.teardown.ts" timestamp="2024-12-10T03:13:08.524Z" hostname="teardown" tests="1" failures="0" skipped="0" time="0.858" errors="0">
<testcase name="do logout" classname="setup/global.teardown.ts" time="0.858">
<system-out>
<![CDATA[LOGGED OUT

[[ATTACHMENT|../test-results/setup-global.teardown.ts-do-logout-teardown/trace.zip]]
]]>
</system-out>
</testcase>
</testsuite>
<testsuite name="setup/global.setup.ts" timestamp="2024-12-10T03:13:08.524Z" hostname="setup" tests="1" failures="0" skipped="0" time="2.765" errors="0">
<testcase name="do login" classname="setup/global.setup.ts" time="2.765">
<system-out>
<![CDATA[THE STATE IS SAVED!

[[ATTACHMENT|../test-results/setup-global.setup.ts-do-login-setup/trace.zip]]
]]>
</system-out>
</testcase>
</testsuite>
<testsuite name="integration/00-playwright101.spec.ts" timestamp="2024-12-10T03:13:08.524Z" hostname="chromium" tests="5" failures="0" skipped="0" time="4.945" errors="0">
<testcase name="Playwright 101 › Playwright 101" classname="integration/00-playwright101.spec.ts" time="0.003">
<system-out>
<![CDATA[TechGlobal

[[ATTACHMENT|../test-results/integration-00-playwright101-Playwright-101-Playwright-101-chromium/trace.zip]]
]]>
</system-out>
</testcase>
<testcase name="Playwright 101 › Playwright 101 - Test Case 3" classname="integration/00-playwright101.spec.ts" time="1.155">
<system-out>
<![CDATA[
[[ATTACHMENT|../test-results/integration-00-playwright1-76750-laywright-101---Test-Case-3-chromium/trace.zip]]
]]>
</system-out>
</testcase>
<testcase name="Playwright 101 › Playwright 101 - Cucumber Syntax" classname="integration/00-playwright101.spec.ts" time="1.477">
<system-out>
<![CDATA[
[[ATTACHMENT|../test-results/integration-00-playwright1-d77cb-right-101---Cucumber-Syntax-chromium/trace.zip]]
]]>
</system-out>
</testcase>
<testcase name="Playwright 101 › Playwright 101 - Browser Fixture" classname="integration/00-playwright101.spec.ts" time="1.136">
<system-out>
<![CDATA[
[[ATTACHMENT|../test-results/integration-00-playwright1-0331c-right-101---Browser-Fixture-chromium/trace.zip]]
]]>
</system-out>
</testcase>
<testcase name="Playwright 101 › Playwright 101 - Context Fixture" classname="integration/00-playwright101.spec.ts" time="1.174">
<system-out>
<![CDATA[
[[ATTACHMENT|../test-results/integration-00-playwright1-5e347-right-101---Context-Fixture-chromium/trace.zip]]
]]>
</system-out>
</testcase>
</testsuite>
<testsuite name="integration/01-firstTest.spec.ts" timestamp="2024-12-10T03:13:08.524Z" hostname="chromium" tests="4" failures="0" skipped="0" time="4.254" errors="0">
<testcase name="First Test Suite › Refresh, Navigate back and forward" classname="integration/01-firstTest.spec.ts" time="2.096">
<system-out>
<![CDATA[
[[ATTACHMENT|../test-results/integration-01-firstTest-F-e60d5-h-Navigate-back-and-forward-chromium/trace.zip]]
]]>
</system-out>
</testcase>
<testcase name="First Test Suite › Valida page title" classname="integration/01-firstTest.spec.ts" time="0.678">
<system-out>
<![CDATA[
[[ATTACHMENT|../test-results/integration-01-firstTest-First-Test-Suite-Valida-page-title-chromium/trace.zip]]
]]>
</system-out>
</testcase>
<testcase name="First Test Suite › Valida page url" classname="integration/01-firstTest.spec.ts" time="0.71">
<system-out>
<![CDATA[
[[ATTACHMENT|../test-results/integration-01-firstTest-First-Test-Suite-Valida-page-url-chromium/trace.zip]]
]]>
</system-out>
</testcase>
<testcase name="First Test Suite › My First test" classname="integration/01-firstTest.spec.ts" time="0.77">
<system-out>
<![CDATA[
[[ATTACHMENT|../test-results/integration-01-firstTest-First-Test-Suite-My-First-test-chromium/trace.zip]]
]]>
</system-out>
</testcase>
</testsuite>
<testsuite name="integration/02-locators.spec.ts" timestamp="2024-12-10T03:13:08.524Z" hostname="chromium" tests="6" failures="0" skipped="0" time="4.703" errors="0">
<testcase name="Playwright Locators › Playwright locator() API" classname="integration/02-locators.spec.ts" time="0.822">
<system-out>
<![CDATA[
[[ATTACHMENT|../test-results/integration-02-locators-Pl-fc495-tors-Playwright-locator-API-chromium/trace.zip]]
]]>
</system-out>
</testcase>
<testcase name="Playwright Locators › Playwright - Custom Pseudo Classes" classname="integration/02-locators.spec.ts" time="0.833">
<system-out>
<![CDATA[3 is the amount of div elements in radio group
1 is the real amount we need
2 is the real amount we need

[[ATTACHMENT|../test-results/integration-02-locators-Pl-72994-ght---Custom-Pseudo-Classes-chromium/trace.zip]]
]]>
</system-out>
</testcase>
<testcase name="Playwright Locators › Chaining the Locators" classname="integration/02-locators.spec.ts" time="0.743">
<system-out>
<![CDATA[
[[ATTACHMENT|../test-results/integration-02-locators-Pl-25858-ators-Chaining-the-Locators-chromium/trace.zip]]
]]>
</system-out>
</testcase>
<testcase name="Playwright Locators › Handling multiple elements" classname="integration/02-locators.spec.ts" time="0.898">
<system-out>
<![CDATA[
[[ATTACHMENT|../test-results/integration-02-locators-Pl-a2e59--Handling-multiple-elements-chromium/trace.zip]]
]]>
</system-out>
</testcase>
<testcase name="Playwright Locators › Playwright built-in locators" classname="integration/02-locators.spec.ts" time="0.737">
<system-out>
<![CDATA[
[[ATTACHMENT|../test-results/integration-02-locators-Pl-2db8c-laywright-built-in-locators-chromium/trace.zip]]
]]>
</system-out>
</testcase>
<testcase name="Playwright Locators › filter() locator API" classname="integration/02-locators.spec.ts" time="0.67">
<system-out>
<![CDATA[Amount of elements with label tag is: 9
Amount of elements with label tag but Java is: 7
Located wrappers are: 6
Located wrappers are: 1

[[ATTACHMENT|../test-results/integration-02-locators-Pl-aba7c-Locators-filter-locator-API-chromium/trace.zip]]
]]>
</system-out>
</testcase>
</testsuite>
<testsuite name="integration/03-annotations.spec.ts" timestamp="2024-12-10T03:13:08.524Z" hostname="chromium" tests="2" failures="0" skipped="0" time="1.563" errors="0">
<testcase name="Annotations › Annotations - slow" classname="integration/03-annotations.spec.ts" time="0.677">
<properties>
<property name="slow" value="">
</property>
</properties>
<system-out>
<![CDATA[
[[ATTACHMENT|../test-results/integration-03-annotations-Annotations-Annotations---slow-chromium/trace.zip]]
]]>
</system-out>
</testcase>
<testcase name="Annotations › Annotations - step" classname="integration/03-annotations.spec.ts" time="0.886">
<system-out>
<![CDATA[
[[ATTACHMENT|../test-results/integration-03-annotations-Annotations-Annotations---step-chromium/trace.zip]]
]]>
</system-out>
</testcase>
</testsuite>
<testsuite name="integration/04-actionCommands.spec.ts" timestamp="2024-12-10T03:13:08.524Z" hostname="chromium" tests="5" failures="0" skipped="0" time="3.968" errors="0">
<testcase name="User Actions › User Actions - Click and Hover" classname="integration/04-actionCommands.spec.ts" time="0.769">
<system-out>
<![CDATA[{ width: [33m1920[39m, height: [33m1080[39m }

[[ATTACHMENT|../test-results/integration-04-actionComma-c9e32-r-Actions---Click-and-Hover-chromium/trace.zip]]
]]>
</system-out>
</testcase>
<testcase name="User Actions › User Actions - Fill" classname="integration/04-actionCommands.spec.ts" time="0.722">
<system-out>
<![CDATA[
[[ATTACHMENT|../test-results/integration-04-actionComma-fe107-Actions-User-Actions---Fill-chromium/trace.zip]]
]]>
</system-out>
</testcase>
<testcase name="User Actions › User Actions - Checkbox and Radio Buttons" classname="integration/04-actionCommands.spec.ts" time="1.052">
<system-out>
<![CDATA[
[[ATTACHMENT|../test-results/integration-04-actionComma-c2176--Checkbox-and-Radio-Buttons-chromium/trace.zip]]
]]>
</system-out>
</testcase>
<testcase name="User Actions › User Actions - Dropdowns" classname="integration/04-actionCommands.spec.ts" time="0.646">
<system-out>
<![CDATA[
[[ATTACHMENT|../test-results/integration-04-actionComma-ae6b0-ns-User-Actions---Dropdowns-chromium/trace.zip]]
]]>
</system-out>
</testcase>
<testcase name="User Actions › User Actions - Calendar | Date Picker" classname="integration/04-actionCommands.spec.ts" time="0.779">
<system-out>
<![CDATA[
[[ATTACHMENT|../test-results/integration-04-actionComma-5dcd4-ions---Calendar-Date-Picker-chromium/trace.zip]]
]]>
</system-out>
</testcase>
</testsuite>
<testsuite name="integration/05-elementState.spec.ts" timestamp="2024-12-10T03:13:08.524Z" hostname="chromium" tests="2" failures="0" skipped="0" time="1.528" errors="0">
<testcase name="Element State › getting the Element state" classname="integration/05-elementState.spec.ts" time="0.759">
<system-out>
<![CDATA[
[[ATTACHMENT|../test-results/integration-05-elementStat-a3756-e-getting-the-Element-state-chromium/trace.zip]]
]]>
</system-out>
</testcase>
<testcase name="Element State › Getting Element State - Checkbox and Radio Buttons" classname="integration/05-elementState.spec.ts" time="0.769">
<system-out>
<![CDATA[
[[ATTACHMENT|../test-results/integration-05-elementStat-fa994--Checkbox-and-Radio-Buttons-chromium/trace.zip]]
]]>
</system-out>
</testcase>
</testsuite>
<testsuite name="integration/06-elementProperties.spec.ts" timestamp="2024-12-10T03:13:08.524Z" hostname="chromium" tests="2" failures="0" skipped="0" time="1.372" errors="0">
<testcase name="Element Properties › Getting the Element Ptate" classname="integration/06-elementProperties.spec.ts" time="0.727">
<system-out>
<![CDATA[All inner text: Headings
Programming Languages
Automation Tools
Inner text: Headings
Programming Languages
Automation Tools
Inner HTML: <h3>Headings</h3><h4 id="languages_heading">Programming Languages</h4><h4 id="tools_heading">Automation Tools</h4>
Inner TextContent: HeadingsProgramming LanguagesAutomation Tools
Count of web element returned: 2
Value returned from the attribute: Headings
Company dropdown selected option: Apple

[[ATTACHMENT|../test-results/integration-06-elementProp-85a40-s-Getting-the-Element-Ptate-chromium/trace.zip]]
]]>
</system-out>
</testcase>
<testcase name="Element Properties › Executing JavaScript code in Playwright" classname="integration/06-elementProperties.spec.ts" time="0.645">
<system-out>
<![CDATA[TechGlobal Training | HTML Elements
TechGlobal Training | HTML Elements
https://www.techglobal-training.com/frontend/html-elements
rgb(105, 105, 105)

[[ATTACHMENT|../test-results/integration-06-elementProp-15044-vaScript-code-in-Playwright-chromium/trace.zip]]
]]>
</system-out>
</testcase>
</testsuite>
<testsuite name="integration/07-assertions.spec.ts" timestamp="2024-12-10T03:13:08.524Z" hostname="chromium" tests="4" failures="0" skipped="0" time="4.993" errors="0">
<testcase name="Assertions › Auto-retry, web-first, async locator assertions" classname="integration/07-assertions.spec.ts" time="0.737">
<system-out>
<![CDATA[
[[ATTACHMENT|../test-results/integration-07-assertions--ba545-st-async-locator-assertions-chromium/trace.zip]]
]]>
</system-out>
</testcase>
<testcase name="Assertions › Non-retry Assertions" classname="integration/07-assertions.spec.ts" time="0.694">
<system-out>
<![CDATA[
[[ATTACHMENT|../test-results/integration-07-assertions-Assertions-Non-retry-Assertions-chromium/trace.zip]]
]]>
</system-out>
</testcase>
<testcase name="Assertions › Creating custom Assertions" classname="integration/07-assertions.spec.ts" time="2.838">
<system-out>
<![CDATA[20 is the initial count of Articles
Trying here! 20
Trying here! 20
Trying here! 20
Trying here! 20
Trying here! 40

[[ATTACHMENT|../test-results/integration-07-assertions--09ebd--Creating-custom-Assertions-chromium/trace.zip]]
]]>
</system-out>
</testcase>
<testcase name="Assertions › Soft Assertions" classname="integration/07-assertions.spec.ts" time="0.724">
<system-out>
<![CDATA[Checked
Checked
Checked

[[ATTACHMENT|../test-results/integration-07-assertions-Assertions-Soft-Assertions-chromium/trace.zip]]
]]>
</system-out>
</testcase>
</testsuite>
<testsuite name="integration/08-iFrames.spec.ts" timestamp="2024-12-10T03:13:08.524Z" hostname="chromium" tests="2" failures="0" skipped="0" time="1.501" errors="0">
<testcase name="iFrames › iFrames Example" classname="integration/08-iFrames.spec.ts" time="0.741">
<system-out>
<![CDATA[
[[ATTACHMENT|../test-results/integration-08-iFrames-iFrames-iFrames-Example-chromium/trace.zip]]
]]>
</system-out>
</testcase>
<testcase name="iFrames › iFrames Test Case" classname="integration/08-iFrames.spec.ts" time="0.76">
<system-out>
<![CDATA[
[[ATTACHMENT|../test-results/integration-08-iFrames-iFrames-iFrames-Test-Case-chromium/trace.zip]]
]]>
</system-out>
</testcase>
</testsuite>
<testsuite name="integration/09-multipleTabs.spec.ts" timestamp="2024-12-10T03:13:08.524Z" hostname="chromium" tests="3" failures="1" skipped="0" time="5.218" errors="0">
<testcase name="Interacting Multiple Tabs › Create a new Tab" classname="integration/09-multipleTabs.spec.ts" time="2.387">
<failure message="09-multipleTabs.spec.ts:10:7 Create a new Tab" type="FAILURE">
<![CDATA[  [chromium] › integration/09-multipleTabs.spec.ts:10:7 › Interacting Multiple Tabs › Create a new Tab @regression 

    Error: page.goto: net::ERR_HTTP2_PROTOCOL_ERROR at https://www.tesla.com/
    Call log:
      - navigating to "https://www.tesla.com/", waiting until "load"


      16 |     const newTab2 = await context.newPage();
      17 |
    > 18 |     await newTab2.goto("https://www.tesla.com/");
         |                   ^
      19 |
      20 |     await page.bringToFront();
      21 |
        at /Users/techglobal/Desktop/playwright-e2e-10/tests/integration/09-multipleTabs.spec.ts:18:19

    attachment #1: trace (application/zip) ─────────────────────────────────────────────────────────
    test-results/integration-09-multipleTab-f396b-tiple-Tabs-Create-a-new-Tab-chromium/trace.zip
    Usage:

        npx playwright show-trace test-results/integration-09-multipleTab-f396b-tiple-Tabs-Create-a-new-Tab-chromium/trace.zip

    ────────────────────────────────────────────────────────────────────────────────────────────────
]]>
</failure>
<system-out>
<![CDATA[
[[ATTACHMENT|../test-results/integration-09-multipleTab-f396b-tiple-Tabs-Create-a-new-Tab-chromium/trace.zip]]
]]>
</system-out>
</testcase>
<testcase name="Interacting Multiple Tabs › Interacting/Switching to a new tab" classname="integration/09-multipleTabs.spec.ts" time="1.563">
<system-out>
<![CDATA[[33m1[39m
[33m2[39m

[[ATTACHMENT|../test-results/integration-09-multipleTab-404ff-ting-Switching-to-a-new-tab-chromium/trace.zip]]
]]>
</system-out>
</testcase>
<testcase name="Interacting Multiple Tabs › Test Case" classname="integration/09-multipleTabs.spec.ts" time="1.268">
<system-out>
<![CDATA[
[[ATTACHMENT|../test-results/integration-09-multipleTab-a554b-ing-Multiple-Tabs-Test-Case-chromium/trace.zip]]
]]>
</system-out>
</testcase>
</testsuite>
<testsuite name="integration/10-diaglos.spec.ts" timestamp="2024-12-10T03:13:08.524Z" hostname="chromium" tests="1" failures="0" skipped="0" time="0.647" errors="0">
<testcase name="Dialogs › Handling Dialogs" classname="integration/10-diaglos.spec.ts" time="0.647">
<system-out>
<![CDATA[Type of alert: alert
Message of alert: You are on TechGlobal Training application.
Type of alert: confirm
Message of alert: Would you like to stay on TechGlobal Training application?

[[ATTACHMENT|../test-results/integration-10-diaglos-Dialogs-Handling-Dialogs-chromium/trace.zip]]
]]>
</system-out>
</testcase>
</testsuite>
<testsuite name="integration/11-advancedActions.spec.ts" timestamp="2024-12-10T03:13:08.524Z" hostname="chromium" tests="2" failures="0" skipped="0" time="1.373" errors="0">
<testcase name="Advanced user Actions › Mouse Actions" classname="integration/11-advancedActions.spec.ts" time="0.729">
<system-out>
<![CDATA[
[[ATTACHMENT|../test-results/integration-11-advancedAct-3c800--user-Actions-Mouse-Actions-chromium/trace.zip]]
]]>
</system-out>
</testcase>
<testcase name="Advanced user Actions › Keyboard Actions" classname="integration/11-advancedActions.spec.ts" time="0.644">
<system-out>
<![CDATA[
[[ATTACHMENT|../test-results/integration-11-advancedAct-d5fde-er-Actions-Keyboard-Actions-chromium/trace.zip]]
]]>
</system-out>
</testcase>
</testsuite>
<testsuite name="integration/12-downloadAndUpload.spec.ts" timestamp="2024-12-10T03:13:08.524Z" hostname="chromium" tests="2" failures="0" skipped="0" time="1.346" errors="0">
<testcase name="Downlad &amp; Upload › Download a file" classname="integration/12-downloadAndUpload.spec.ts" time="0.713">
<system-out>
<![CDATA[[33mtrue[39m

[[ATTACHMENT|../test-results/integration-12-downloadAnd-d7c53-nlad-Upload-Download-a-file-chromium/trace.zip]]
]]>
</system-out>
</testcase>
<testcase name="Downlad &amp; Upload › Upload a file" classname="integration/12-downloadAndUpload.spec.ts" time="0.633">
<system-out>
<![CDATA[
[[ATTACHMENT|../test-results/integration-12-downloadAnd-b65fc-ownlad-Upload-Upload-a-file-chromium/trace.zip]]
]]>
</system-out>
</testcase>
</testsuite>
<testsuite name="integration/13-pageObject.spec.ts" timestamp="2024-12-10T03:13:08.524Z" hostname="chromium" tests="2" failures="0" skipped="0" time="1.109" errors="0">
<testcase name="Login › Test Positive" classname="integration/13-pageObject.spec.ts" time="0.533">
<system-out>
<![CDATA[#error_message

[[ATTACHMENT|../test-results/integration-13-pageObject-Login-Test-Positive-chromium/trace.zip]]
]]>
</system-out>
</testcase>
<testcase name="Login › Test Negative" classname="integration/13-pageObject.spec.ts" time="0.576">
<system-out>
<![CDATA[
[[ATTACHMENT|../test-results/integration-13-pageObject-Login-Test-Negative-chromium/trace.zip]]
]]>
</system-out>
</testcase>
</testsuite>
<testsuite name="integration/14-todoApp-wo-fixtures.spec.ts" timestamp="2024-12-10T03:13:08.524Z" hostname="chromium" tests="2" failures="0" skipped="0" time="1.443" errors="0">
<testcase name="todo tests › Should add an item" classname="integration/14-todoApp-wo-fixtures.spec.ts" time="0.749">
<system-out>
<![CDATA[
[[ATTACHMENT|../test-results/integration-14-todoApp-wo--7a36d-do-tests-Should-add-an-item-chromium/trace.zip]]
]]>
</system-out>
</testcase>
<testcase name="todo tests › Should remove an item" classname="integration/14-todoApp-wo-fixtures.spec.ts" time="0.694">
<system-out>
<![CDATA[
[[ATTACHMENT|../test-results/integration-14-todoApp-wo--bf574-tests-Should-remove-an-item-chromium/trace.zip]]
]]>
</system-out>
</testcase>
</testsuite>
<testsuite name="integration/15-todoApp-w-fixtures.spec.ts" timestamp="2024-12-10T03:13:08.524Z" hostname="chromium" tests="2" failures="0" skipped="0" time="1.295" errors="0">
<testcase name="todo tests › Should add an item" classname="integration/15-todoApp-w-fixtures.spec.ts" time="0.676">
<system-out>
<![CDATA[BEFORE EACH TRIGGERED
AFTER EACH TRIGGERED

[[ATTACHMENT|../test-results/integration-15-todoApp-w-f-3e7e0-do-tests-Should-add-an-item-chromium/trace.zip]]
]]>
</system-out>
</testcase>
<testcase name="todo tests › Should remove an item" classname="integration/15-todoApp-w-fixtures.spec.ts" time="0.619">
<system-out>
<![CDATA[BEFORE EACH TRIGGERED
AFTER EACH TRIGGERED

[[ATTACHMENT|../test-results/integration-15-todoApp-w-f-5c73e-tests-Should-remove-an-item-chromium/trace.zip]]
]]>
</system-out>
</testcase>
</testsuite>
<testsuite name="integration/16-authState.spec.ts" timestamp="2024-12-10T03:13:08.524Z" hostname="chromium" tests="1" failures="0" skipped="0" time="2.042" errors="0">
<testcase name="test" classname="integration/16-authState.spec.ts" time="2.042">
<system-out>
<![CDATA[
[[ATTACHMENT|../test-results/integration-16-authState-test-chromium/trace.zip]]
]]>
</system-out>
</testcase>
</testsuite>
<testsuite name="integration/16-useAuthState.spec.ts" timestamp="2024-12-10T03:13:08.524Z" hostname="chromium" tests="2" failures="0" skipped="0" time="1.804" errors="0">
<testcase name="menu" classname="integration/16-useAuthState.spec.ts" time="0.954">
<system-out>
<![CDATA[logged in

[[ATTACHMENT|../test-results/integration-16-useAuthState-menu-chromium/trace.zip]]
]]>
</system-out>
</testcase>
<testcase name="menu validation" classname="integration/16-useAuthState.spec.ts" time="0.85">
<system-out>
<![CDATA[logged in

[[ATTACHMENT|../test-results/integration-16-useAuthState-menu-validation-chromium/trace.zip]]
]]>
</system-out>
</testcase>
</testsuite>
<testsuite name="integration/18-visualRegression.spec.ts" timestamp="2024-12-10T03:13:08.524Z" hostname="chromium" tests="6" failures="2" skipped="0" time="13.475" errors="0">
<testcase name="Visual Regression › Should take a screenshot of a page" classname="integration/18-visualRegression.spec.ts" time="3.289">
<system-out>
<![CDATA[Should take a screenshot of a page

[[ATTACHMENT|../test-results/integration-18-visualRegre-25e98-take-a-screenshot-of-a-page-chromium/trace.zip]]
]]>
</system-out>
</testcase>
<testcase name="Visual Regression › Should take a screenshot of a web element" classname="integration/18-visualRegression.spec.ts" time="2.572">
<failure message="18-visualRegression.spec.ts:12:7 Should take a screenshot of a web element" type="FAILURE">
<![CDATA[  [chromium] › integration/18-visualRegression.spec.ts:12:7 › Visual Regression › Should take a screenshot of a web element 

    Error: expect(locator).toHaveScreenshot(expected)

      219 pixels (ratio 0.01 of all image pixels) are different.

    Expected: /Users/techglobal/Desktop/playwright-e2e-10/snapshots/integration/18-visualRegression.spec.ts-snapshots/section-chromium-darwin.png
    Received: /Users/techglobal/Desktop/playwright-e2e-10/test-results/integration-18-visualRegre-8fe44-screenshot-of-a-web-element-chromium/section-actual.png
        Diff: /Users/techglobal/Desktop/playwright-e2e-10/test-results/integration-18-visualRegre-8fe44-screenshot-of-a-web-element-chromium/section-diff.png

    Call log:
      - expect.toHaveScreenshot(section.png) with timeout 5000ms
        - verifying given screenshot expectation
      - waiting for locator('.Header_header__HXQOm')
        - locator resolved to <div class="Header_header__HXQOm">…</div>
      - taking element screenshot
        - disabled all CSS animations
      - waiting for fonts to load...
      - fonts loaded
      - attempting scroll into view action
        - waiting for element to be stable
      - 788 pixels (ratio 0.01 of all image pixels) are different.
      - waiting 100ms before taking screenshot
      - waiting for locator('.Header_header__HXQOm')
        - locator resolved to <div class="Header_header__HXQOm">…</div>
      - taking element screenshot
        - disabled all CSS animations
      - waiting for fonts to load...
      - fonts loaded
      - attempting scroll into view action
        - waiting for element to be stable
      - 788 pixels (ratio 0.01 of all image pixels) are different.
      - waiting 250ms before taking screenshot
      - waiting for locator('.Header_header__HXQOm')
        - locator resolved to <div class="Header_header__HXQOm">…</div>
      - taking element screenshot
        - disabled all CSS animations
      - waiting for fonts to load...
      - fonts loaded
      - attempting scroll into view action
        - waiting for element to be stable
      - 219 pixels (ratio 0.01 of all image pixels) are different.
      - waiting 500ms before taking screenshot
      - waiting for locator('.Header_header__HXQOm')
        - locator resolved to <div class="Header_header__HXQOm">…</div>
      - taking element screenshot
        - disabled all CSS animations
      - waiting for fonts to load...
      - fonts loaded
      - attempting scroll into view action
        - waiting for element to be stable
      - captured a stable screenshot
      - 219 pixels (ratio 0.01 of all image pixels) are different.


      14 |
      15 |     const sect = page.locator(".Header_header__HXQOm");
    > 16 |     await expect(sect).toHaveScreenshot("section.png", { threshold: 0.2 });
         |                        ^
      17 |   });
      18 |
      19 |   test("Should take a screenshot of a fullpage", async ({ page }) => {
        at /Users/techglobal/Desktop/playwright-e2e-10/tests/integration/18-visualRegression.spec.ts:16:24

    attachment #1: section-expected.png (image/png) ────────────────────────────────────────────────
    snapshots/integration/18-visualRegression.spec.ts-snapshots/section-chromium-darwin.png
    ────────────────────────────────────────────────────────────────────────────────────────────────

    attachment #2: section-actual.png (image/png) ──────────────────────────────────────────────────
    test-results/integration-18-visualRegre-8fe44-screenshot-of-a-web-element-chromium/section-actual.png
    ────────────────────────────────────────────────────────────────────────────────────────────────

    attachment #3: section-diff.png (image/png) ────────────────────────────────────────────────────
    test-results/integration-18-visualRegre-8fe44-screenshot-of-a-web-element-chromium/section-diff.png
    ────────────────────────────────────────────────────────────────────────────────────────────────

    attachment #4: trace (application/zip) ─────────────────────────────────────────────────────────
    test-results/integration-18-visualRegre-8fe44-screenshot-of-a-web-element-chromium/trace.zip
    Usage:

        npx playwright show-trace test-results/integration-18-visualRegre-8fe44-screenshot-of-a-web-element-chromium/trace.zip

    ────────────────────────────────────────────────────────────────────────────────────────────────
]]>
</failure>
<system-out>
<![CDATA[
[[ATTACHMENT|../snapshots/integration/18-visualRegression.spec.ts-snapshots/section-chromium-darwin.png]]

[[ATTACHMENT|../test-results/integration-18-visualRegre-8fe44-screenshot-of-a-web-element-chromium/section-actual.png]]

[[ATTACHMENT|../test-results/integration-18-visualRegre-8fe44-screenshot-of-a-web-element-chromium/section-diff.png]]

[[ATTACHMENT|../test-results/integration-18-visualRegre-8fe44-screenshot-of-a-web-element-chromium/trace.zip]]
]]>
</system-out>
</testcase>
<testcase name="Visual Regression › Should take a screenshot of a fullpage" classname="integration/18-visualRegression.spec.ts" time="4.766">
<system-out>
<![CDATA[
[[ATTACHMENT|../test-results/integration-18-visualRegre-35959--a-screenshot-of-a-fullpage-chromium/trace.zip]]
]]>
</system-out>
</testcase>
<testcase name="Visual Regression › Should take a screenshot of a page, but ignore some web elements" classname="integration/18-visualRegression.spec.ts" time="0.909">
<system-out>
<![CDATA[
[[ATTACHMENT|../test-results/integration-18-visualRegre-68d4a-ut-ignore-some-web-elements-chromium/trace.zip]]
]]>
</system-out>
</testcase>
<testcase name="Visual Regression › Take a screenshot and validate" classname="integration/18-visualRegression.spec.ts" time="0.806">
<system-out>
<![CDATA[
[[ATTACHMENT|../test-results/integration-18-visualRegre-063d0-e-a-screenshot-and-validate-chromium/trace.zip]]
]]>
</system-out>
</testcase>
<testcase name="Visual Regression › Should compare screenshot using method" classname="integration/18-visualRegression.spec.ts" time="1.133">
<failure message="18-visualRegression.spec.ts:52:7 Should compare screenshot using method" type="FAILURE">
<![CDATA[  [chromium] › integration/18-visualRegression.spec.ts:52:7 › Visual Regression › Should compare screenshot using method 

    Error: expect(Buffer).toMatchSnapshot(expected)

      546 pixels (ratio 0.01 of all image pixels) are different.

    Expected: /Users/techglobal/Desktop/playwright-e2e-10/snapshots/integration/18-visualRegression.spec.ts-snapshots/Visual-Regression-Should-compare-screenshot-using-method-2-chromium-darwin.png
    Received: /Users/techglobal/Desktop/playwright-e2e-10/test-results/integration-18-visualRegre-5c390-are-screenshot-using-method-chromium/Visual-Regression-Should-compare-screenshot-using-method-2-actual.png
        Diff: /Users/techglobal/Desktop/playwright-e2e-10/test-results/integration-18-visualRegre-5c390-are-screenshot-using-method-chromium/Visual-Regression-Should-compare-screenshot-using-method-2-diff.png


       at ../helpers/takeAndCompareScreenshot.ts:8

       6 |   // Compare the screenshot with the baseline image
       7 |   // if fileName is undefined, toMatchSnapshot() will use a default naming
    >  8 |   expect(screenshot).toMatchSnapshot(fileName!, { threshold: 0.2 });
         |                      ^
       9 | }
      10 |
      11 | export default takeAndCompareScreenshot
        at takeAndCompareScreenshot (/Users/techglobal/Desktop/playwright-e2e-10/helpers/takeAndCompareScreenshot.ts:8:22)
        at /Users/techglobal/Desktop/playwright-e2e-10/tests/integration/18-visualRegression.spec.ts:61:5

    attachment #1: Visual-Regression-Should-compare-screenshot-using-method-2-expected.png (image/png) 
    snapshots/integration/18-visualRegression.spec.ts-snapshots/Visual-Regression-Should-compare-screenshot-using-method-2-chromium-darwin.png
    ────────────────────────────────────────────────────────────────────────────────────────────────

    attachment #2: Visual-Regression-Should-compare-screenshot-using-method-2-actual.png (image/png) 
    test-results/integration-18-visualRegre-5c390-are-screenshot-using-method-chromium/Visual-Regression-Should-compare-screenshot-using-method-2-actual.png
    ────────────────────────────────────────────────────────────────────────────────────────────────

    attachment #3: Visual-Regression-Should-compare-screenshot-using-method-2-diff.png (image/png) ─
    test-results/integration-18-visualRegre-5c390-are-screenshot-using-method-chromium/Visual-Regression-Should-compare-screenshot-using-method-2-diff.png
    ────────────────────────────────────────────────────────────────────────────────────────────────

    attachment #4: trace (application/zip) ─────────────────────────────────────────────────────────
    test-results/integration-18-visualRegre-5c390-are-screenshot-using-method-chromium/trace.zip
    Usage:

        npx playwright show-trace test-results/integration-18-visualRegre-5c390-are-screenshot-using-method-chromium/trace.zip

    ────────────────────────────────────────────────────────────────────────────────────────────────
]]>
</failure>
<system-out>
<![CDATA[
[[ATTACHMENT|../snapshots/integration/18-visualRegression.spec.ts-snapshots/Visual-Regression-Should-compare-screenshot-using-method-2-chromium-darwin.png]]

[[ATTACHMENT|../test-results/integration-18-visualRegre-5c390-are-screenshot-using-method-chromium/Visual-Regression-Should-compare-screenshot-using-method-2-actual.png]]

[[ATTACHMENT|../test-results/integration-18-visualRegre-5c390-are-screenshot-using-method-chromium/Visual-Regression-Should-compare-screenshot-using-method-2-diff.png]]

[[ATTACHMENT|../test-results/integration-18-visualRegre-5c390-are-screenshot-using-method-chromium/trace.zip]]
]]>
</system-out>
</testcase>
</testsuite>
<testsuite name="integration/19-timeoutsAndWaits.spec.ts" timestamp="2024-12-10T03:13:08.524Z" hostname="chromium" tests="1" failures="0" skipped="0" time="0.752" errors="0">
<testcase name="Timeouts &amp; Waits › Waits" classname="integration/19-timeoutsAndWaits.spec.ts" time="0.752">
<system-out>
<![CDATA[
[[ATTACHMENT|../test-results/integration-19-timeoutsAndWaits-Timeouts-Waits-Waits-chromium/trace.zip]]
]]>
</system-out>
</testcase>
</testsuite>
<testsuite name="integration/githubHomePage.spec.ts" timestamp="2024-12-10T03:13:08.524Z" hostname="chromium" tests="1" failures="0" skipped="0" time="1.277" errors="0">
<testcase name="Github main page" classname="integration/githubHomePage.spec.ts" time="1.277">
<system-out>
<![CDATA[
[[ATTACHMENT|../test-results/integration-githubHomePage-Github-main-page-chromium/trace.zip]]
]]>
</system-out>
</testcase>
</testsuite>
<testsuite name="test-1.spec.ts" timestamp="2024-12-10T03:13:08.524Z" hostname="chromium" tests="1" failures="0" skipped="0" time="0.456" errors="0">
<testcase name="test" classname="test-1.spec.ts" time="0.456">
<system-out>
<![CDATA[
[[ATTACHMENT|../test-results/test-1-test-chromium/trace.zip]]
]]>
</system-out>
</testcase>
</testsuite>
<testsuite name="integration/17-globalSetup.spec.ts" timestamp="2024-12-10T03:13:08.524Z" hostname="loggedIn" tests="2" failures="0" skipped="0" time="1.637" errors="0">
<testcase name="menu" classname="integration/17-globalSetup.spec.ts" time="0.816">
<system-out>
<![CDATA[logged in

[[ATTACHMENT|../test-results/integration-17-globalSetup-menu-loggedIn/trace.zip]]
]]>
</system-out>
</testcase>
<testcase name="menu validation" classname="integration/17-globalSetup.spec.ts" time="0.821">
<system-out>
<![CDATA[logged in

[[ATTACHMENT|../test-results/integration-17-globalSetup-menu-validation-loggedIn/trace.zip]]
]]>
</system-out>
</testcase>
</testsuite>
</testsuites>